  CubeExplorer.cpp
C:\Users\34247\source\repos\whatdoesjiaraneattoday\rubikcube\CubeExplorer.cpp(1,1): warning C4819: 该文件包含不能在当前代码页(936)中表示的字符。请将该文件保存为 Unicode 格式以防止数据丢失
C:\Users\34247\source\repos\whatdoesjiaraneattoday\rubikcube\CubeExplorer.h(1,1): warning C4819: 该文件包含不能在当前代码页(936)中表示的字符。请将该文件保存为 Unicode 格式以防止数据丢失
  CubeGenerate.cpp
C:\Users\34247\source\repos\whatdoesjiaraneattoday\rubikcube\CubeGenerate.cpp(1,1): warning C4819: 该文件包含不能在当前代码页(936)中表示的字符。请将该文件保存为 Unicode 格式以防止数据丢失
C:\Users\34247\source\repos\whatdoesjiaraneattoday\rubikcube\CubeGenerate.h(1,1): warning C4819: 该文件包含不能在当前代码页(936)中表示的字符。请将该文件保存为 Unicode 格式以防止数据丢失
C:\Users\34247\source\repos\whatdoesjiaraneattoday\rubikcube\CubeGenerate.cpp(227,2): error C3927: "->": 非函数声明符后不允许尾随返回类型
C:\Users\34247\source\repos\whatdoesjiaraneattoday\rubikcube\CubeGenerate.cpp(227,12): error C3484: 语法错误: 返回类型前应为“->”
C:\Users\34247\source\repos\whatdoesjiaraneattoday\rubikcube\CubeGenerate.cpp(227,13): error C3613: “->”后缺少返回类型(假定为“int”)
C:\Users\34247\source\repos\whatdoesjiaraneattoday\rubikcube\CubeGenerate.cpp(227,28): error C4430: 缺少类型说明符 - 假定为 int。注意: C++ 不支持默认 int
C:\Users\34247\source\repos\whatdoesjiaraneattoday\rubikcube\CubeGenerate.cpp(227,13): error C2146: 语法错误: 缺少“;”(在标识符“index_corner_o”的前面)
C:\Users\34247\source\repos\whatdoesjiaraneattoday\rubikcube\CubeGenerate.cpp(228,1): error C2059: 语法错误:“}”
C:\Users\34247\source\repos\whatdoesjiaraneattoday\rubikcube\CubeGenerate.cpp(228,1): error C2143: 语法错误: 缺少“;”(在“}”的前面)
C:\Users\34247\source\repos\whatdoesjiaraneattoday\rubikcube\CubeGenerate.cpp(231,1): error C2143: 语法错误: 缺少“;”(在“{”的前面)
C:\Users\34247\source\repos\whatdoesjiaraneattoday\rubikcube\CubeGenerate.cpp(231,1): error C2447: “{”: 缺少函数标题(是否是老式的形式表?)
C:\Users\34247\source\repos\whatdoesjiaraneattoday\rubikcube\CubeGenerate.cpp(244,16): error C3490: 由于正在通过常量对象访问“e”，因此无法对其进行修改
C:\Users\34247\source\repos\whatdoesjiaraneattoday\rubikcube\CubeGenerate.cpp(245,16): error C3490: 由于正在通过常量对象访问“o”，因此无法对其进行修改
  example.cpp
C:\Users\34247\source\repos\whatdoesjiaraneattoday\rubikcube\example.cpp(1,1): warning C4819: 该文件包含不能在当前代码页(936)中表示的字符。请将该文件保存为 Unicode 格式以防止数据丢失
C:\Users\34247\source\repos\whatdoesjiaraneattoday\rubikcube\example.cpp(368,12): warning C4101: “m”: 未引用的局部变量
C:\Users\34247\source\repos\whatdoesjiaraneattoday\rubikcube\example.cpp(368,9): warning C4101: “j”: 未引用的局部变量
C:\Users\34247\source\repos\whatdoesjiaraneattoday\rubikcube\example.cpp(368,6): warning C4101: “i”: 未引用的局部变量
C:\Users\34247\source\repos\whatdoesjiaraneattoday\rubikcube\example.cpp(390,12): warning C4101: “m”: 未引用的局部变量
C:\Users\34247\source\repos\whatdoesjiaraneattoday\rubikcube\example.cpp(390,9): warning C4101: “j”: 未引用的局部变量
C:\Users\34247\source\repos\whatdoesjiaraneattoday\rubikcube\example.cpp(390,6): warning C4101: “i”: 未引用的局部变量
C:\Users\34247\source\repos\whatdoesjiaraneattoday\rubikcube\example.cpp(412,12): warning C4101: “m”: 未引用的局部变量
C:\Users\34247\source\repos\whatdoesjiaraneattoday\rubikcube\example.cpp(412,9): warning C4101: “j”: 未引用的局部变量
C:\Users\34247\source\repos\whatdoesjiaraneattoday\rubikcube\example.cpp(412,6): warning C4101: “i”: 未引用的局部变量
C:\Users\34247\source\repos\whatdoesjiaraneattoday\rubikcube\example.cpp(433,12): warning C4101: “m”: 未引用的局部变量
C:\Users\34247\source\repos\whatdoesjiaraneattoday\rubikcube\example.cpp(433,9): warning C4101: “j”: 未引用的局部变量
C:\Users\34247\source\repos\whatdoesjiaraneattoday\rubikcube\example.cpp(433,6): warning C4101: “i”: 未引用的局部变量
C:\Users\34247\source\repos\whatdoesjiaraneattoday\rubikcube\example.cpp(455,12): warning C4101: “m”: 未引用的局部变量
C:\Users\34247\source\repos\whatdoesjiaraneattoday\rubikcube\example.cpp(455,9): warning C4101: “j”: 未引用的局部变量
C:\Users\34247\source\repos\whatdoesjiaraneattoday\rubikcube\example.cpp(455,6): warning C4101: “i”: 未引用的局部变量
C:\Users\34247\source\repos\whatdoesjiaraneattoday\rubikcube\example.cpp(476,12): warning C4101: “m”: 未引用的局部变量
C:\Users\34247\source\repos\whatdoesjiaraneattoday\rubikcube\example.cpp(476,9): warning C4101: “j”: 未引用的局部变量
C:\Users\34247\source\repos\whatdoesjiaraneattoday\rubikcube\example.cpp(476,6): warning C4101: “i”: 未引用的局部变量
C:\Users\34247\source\repos\whatdoesjiaraneattoday\rubikcube\example.cpp(911,10): warning C4267: “初始化”: 从“size_t”转换到“int”，可能丢失数据
C:\Users\34247\source\repos\whatdoesjiaraneattoday\rubikcube\example.cpp(1117,10): error C2001: 常量中有换行符
C:\Users\34247\source\repos\whatdoesjiaraneattoday\rubikcube\example.cpp(1118,2): error C2146: 语法错误: 缺少“;”(在标识符“cout”的前面)
C:\Users\34247\source\repos\whatdoesjiaraneattoday\rubikcube\example.cpp(1126,11): error C2001: 常量中有换行符
C:\Users\34247\source\repos\whatdoesjiaraneattoday\rubikcube\example.cpp(1127,3): error C2146: 语法错误: 缺少“;”(在标识符“cout”的前面)
C:\Users\34247\source\repos\whatdoesjiaraneattoday\rubikcube\example.cpp(1127,11): error C2001: 常量中有换行符
C:\Users\34247\source\repos\whatdoesjiaraneattoday\rubikcube\example.cpp(1128,3): error C2146: 语法错误: 缺少“;”(在标识符“cout”的前面)
C:\Users\34247\source\repos\whatdoesjiaraneattoday\rubikcube\example.cpp(1131,11): error C2001: 常量中有换行符
C:\Users\34247\source\repos\whatdoesjiaraneattoday\rubikcube\example.cpp(1132,3): error C2144: 语法错误:“int”的前面应有“;”
C:\Users\34247\source\repos\whatdoesjiaraneattoday\rubikcube\example.cpp(1149,11): error C2001: 常量中有换行符
C:\Users\34247\source\repos\whatdoesjiaraneattoday\rubikcube\example.cpp(1150,3): error C2144: 语法错误:“int”的前面应有“;”
  test.cpp
C:\Users\34247\source\repos\whatdoesjiaraneattoday\rubikcube\test.cpp(1,1): warning C4819: 该文件包含不能在当前代码页(936)中表示的字符。请将该文件保存为 Unicode 格式以防止数据丢失
C:\Users\34247\source\repos\whatdoesjiaraneattoday\rubikcube\CubeGenerate.h(1,1): warning C4819: 该文件包含不能在当前代码页(936)中表示的字符。请将该文件保存为 Unicode 格式以防止数据丢失
C:\Users\34247\source\repos\whatdoesjiaraneattoday\rubikcube\test.cpp(31,18): warning C4244: “+=”: 从“__int64”转换到“int”，可能丢失数据
  正在生成代码...
